<?xml version="1.0" encoding="UTF-8"?>
<testsuite xmlns:xsi="http://www.w3.org/2001/XMLSchema-instance" xsi:noNamespaceSchemaLocation="https://maven.apache.org/surefire/maven-surefire-plugin/xsd/surefire-test-report.xsd" name="com.flopr.surveysbackend.PollControllerTests" time="1.313" tests="40" errors="0" skipped="0" failures="0">
  <properties>
[...]
</properties>
  <testcase name="createPoll_withAuthenticationWithoutData_returnBadRequest" classname="com.flopr.surveysbackend.PollControllerTests" time="0.127"/>
  <testcase name="createPoll_withAuthenticationWithValidQuestionWithBadOrder_returnValidationErrorToQuestionOrder" classname="com.flopr.surveysbackend.PollControllerTests" time="0.064"/>
  <testcase name="getResults_withOutAuthentication_returnForbidden" classname="com.flopr.surveysbackend.PollControllerTests" time="0.015"/>
  <testcase name="getPolls_withAuthentication_returnPaginationData" classname="com.flopr.surveysbackend.PollControllerTests" time="0.272"/>
  <testcase name="getPollWithQuestions_whenPollDoesNotExistInDataBase_returnInternalServerError" classname="com.flopr.surveysbackend.PollControllerTests" time="0.017"/>
  <testcase name="deletePoll_withAuthenticationExistingSurveyOftTheUser_returnInternalServerError" classname="com.flopr.surveysbackend.PollControllerTests" time="0.102"/>
  <testcase name="createPoll_withAuthenticationWithValidQuestionWithoutAnswer_returnBadRequest" classname="com.flopr.surveysbackend.PollControllerTests" time="0.012"/>
  <testcase name="createPoll_withAuthenticationWithoutAnswerContent_returnBadRequest" classname="com.flopr.surveysbackend.PollControllerTests" time="0.009"/>
  <testcase name="togglePollOpened_withOutAuthentication_returnForbidden" classname="com.flopr.surveysbackend.PollControllerTests" time="0.008"/>
  <testcase name="createPoll_withAuthenticationWithValidQuestionWithIncorrectQuestionType_returnValidationErrorToQuestionType" classname="com.flopr.surveysbackend.PollControllerTests" time="0.007"/>
  <testcase name="createPoll_withAuthenticationWitValidPoll_returnOK" classname="com.flopr.surveysbackend.PollControllerTests" time="0.024"/>
  <testcase name="getResults_withAuthenticationTheSurveyOwnedByTheUser_returnOk" classname="com.flopr.surveysbackend.PollControllerTests" time="0.036"/>
  <testcase name="createPoll_withAuthenticationWitValidPoll_returnCreatedPollId" classname="com.flopr.surveysbackend.PollControllerTests" time="0.017"/>
  <testcase name="getResults_withAuthenticationTheSurveyIsNotOwnedByTheUser_returnInternalServerError" classname="com.flopr.surveysbackend.PollControllerTests" time="0.066"/>
  <testcase name="createPoll_withAuthenticationWithoutAnswerToPoll_returnValidationErrorToQuestion" classname="com.flopr.surveysbackend.PollControllerTests" time="0.009"/>
  <testcase name="getPollWithQuestions_whenPollExist_returnPollRest" classname="com.flopr.surveysbackend.PollControllerTests" time="0.02"/>
  <testcase name="getPollWithQuestions_whenPollExist_returnOk" classname="com.flopr.surveysbackend.PollControllerTests" time="0.017"/>
  <testcase name="deletePoll_withOutAuthentication_returnForbidden" classname="com.flopr.surveysbackend.PollControllerTests" time="0.007"/>
  <testcase name="getResults_withAuthenticationTheSurveyOwnedByTheUser_returnPollResultWrapperRest" classname="com.flopr.surveysbackend.PollControllerTests" time="0.021"/>
  <testcase name="createPoll_withAuthenticationWithoutPollContent_returnBadRequest" classname="com.flopr.surveysbackend.PollControllerTests" time="0.009"/>
  <testcase name="getPolls_withAuthentication_returnOK" classname="com.flopr.surveysbackend.PollControllerTests" time="0.019"/>
  <testcase name="createPoll_withOutAuthentication_returnForbidden" classname="com.flopr.surveysbackend.PollControllerTests" time="0.007"/>
  <testcase name="createPoll_withAuthenticationWithValidQuestionWithIncorrectQuestionType_returnBadRequest" classname="com.flopr.surveysbackend.PollControllerTests" time="0.01"/>
  <testcase name="getResults_withAuthenticationTheSurveyDoesNotExist_returnInternalServerError" classname="com.flopr.surveysbackend.PollControllerTests" time="0.018"/>
  <testcase name="createPoll_withAuthenticationWitValidPoll_saveInDataBase" classname="com.flopr.surveysbackend.PollControllerTests" time="0.017"/>
  <testcase name="createPoll_withAuthenticationWithValidQuestionWithoutContent_returnBadRequest" classname="com.flopr.surveysbackend.PollControllerTests" time="0.008"/>
  <testcase name="togglePollOpened_withAuthenticationForASurveyNotOwnedByTheUser_changeOpenedInDataBase" classname="com.flopr.surveysbackend.PollControllerTests" time="0.023"/>
  <testcase name="getPolls_withOutAuthentication_returnForbidden" classname="com.flopr.surveysbackend.PollControllerTests" time="0.007"/>
  <testcase name="createPoll_withAuthenticationWithoutPollQuestion_returnBadRequest" classname="com.flopr.surveysbackend.PollControllerTests" time="0.008"/>
  <testcase name="deletePoll_withAuthenticationForASurveyNotOwnedByTheUser_returnOk" classname="com.flopr.surveysbackend.PollControllerTests" time="0.019"/>
  <testcase name="createPoll_withAuthenticationWithoutAnswerContent_returnValidationErrorToContent" classname="com.flopr.surveysbackend.PollControllerTests" time="0.01"/>
  <testcase name="createPoll_withAuthenticationWithValidQuestionWithoutAnswer_returnValidationErrorToListAnswer" classname="com.flopr.surveysbackend.PollControllerTests" time="0.01"/>
  <testcase name="getPolls_withAuthenticationWithLimitParameter_returnLimitedPollsByLimit" classname="com.flopr.surveysbackend.PollControllerTests" time="0.036"/>
  <testcase name="deletePoll_withAuthenticationForASurveyNotOwnedByTheUser_DeletPollInDataBase" classname="com.flopr.surveysbackend.PollControllerTests" time="0.015"/>
  <testcase name="togglePollOpened_withAuthenticationExistingSurveyOftTheUser_returnInternalServerError" classname="com.flopr.surveysbackend.PollControllerTests" time="0.067"/>
  <testcase name="createPoll_withAuthenticationWithoutAnswerContent_returnValidationErrorToAnswerContent" classname="com.flopr.surveysbackend.PollControllerTests" time="0.01"/>
  <testcase name="getPolls_withAuthentication_returnPaginatedPollRest" classname="com.flopr.surveysbackend.PollControllerTests" time="0.018"/>
  <testcase name="togglePollOpened_withAuthenticationForASurveyNotOwnedByTheUser_returnOk" classname="com.flopr.surveysbackend.PollControllerTests" time="0.011"/>
  <testcase name="createPoll_withAuthenticationWithValidQuestionWithoutContent_returnValidationErrorToQuestionContent" classname="com.flopr.surveysbackend.PollControllerTests" time="0.008"/>
  <testcase name="createPoll_withAuthenticationWithValidQuestionWithBadOrder_returnBadRequest" classname="com.flopr.surveysbackend.PollControllerTests" time="0.007"/>
</testsuite>